This is TeX, Version 3.14159 (Web2C 7.4.5) (format=latex 2004.4.6)  2 NOV 2004 17:24
**./images.tex
(./images.tex
LaTeX2e <2001/06/01>
Babel <v3.7h> and hyphenation patterns for american, french, german, ngerman, n
ohyphenation, loaded.

(/home/gerald/cvs/abntex/texmf/tex/latex/abntex/abnt.cls (/home/gerald/cvs/abnt
ex/texmf/tex/latex/abntex/cvs-id.def)
Document Class: abnt 2004/11/02 v1.27.2.1 Classe abnt (NBR6024, NBR6027, NBR602
8, NBR14724)
(/usr/share/texmf/tex/latex/base/ifthen.sty
Package: ifthen 2001/05/26 v1.1c Standard LaTeX ifthen package (DPC)
) (/usr/share/texmf/tex/latex/tools/calc.sty
Package: calc 1998/07/07 v4.1b Infix arithmetic (KKT,FJ)
\calc@Acount=\count79
\calc@Bcount=\count80
\calc@Adimen=\dimen102
\calc@Bdimen=\dimen103
\calc@Askip=\skip41
\calc@Bskip=\skip42
LaTeX Info: Redefining \setlength on input line 59.
LaTeX Info: Redefining \addtolength on input line 60.
\calc@denominator=\count81
) (/usr/share/texmf/tex/latex/tools/multicol.sty
Package: multicol 2000/07/10 v1.5z multicolumn formatting (FMi)
\c@tracingmulticols=\count82
\mult@box=\box26
\multicol@leftmargin=\dimen104
\c@unbalance=\count83
\c@collectmore=\count84
\doublecol@number=\count85
\multicoltolerance=\count86
\multicolpretolerance=\count87
\full@width=\dimen105
\page@free=\dimen106
\premulticols=\dimen107
\postmulticols=\dimen108
\multicolsep=\skip43
\multicolbaselineskip=\skip44
\partial@page=\box27
\last@line=\box28
\mult@rightbox=\box29
\mult@grightbox=\box30
\mult@gfirstbox=\box31
\mult@firstbox=\box32
\@tempa=\box33
\@tempa=\box34
\@tempa=\box35
\@tempa=\box36
\@tempa=\box37
\@tempa=\box38
\@tempa=\box39
\@tempa=\box40
\@tempa=\box41
\@tempa=\box42
\@tempa=\box43
\@tempa=\box44
\@tempa=\box45
\@tempa=\box46
\@tempa=\box47
\@tempa=\box48
\@tempa=\box49
\c@columnbadness=\count88
\c@finalcolumnbadness=\count89
\last@try=\dimen109
\multicolovershoot=\dimen110
\multicolundershoot=\dimen111
\mult@nat@firstbox=\box50
\colbreak@box=\box51
) (/usr/share/texmf/tex/latex/base/report.cls
Document Class: report 2001/04/21 v1.4e Standard LaTeX document class
(/usr/share/texmf/tex/latex/base/size12.clo
File: size12.clo 2001/04/21 v1.4e Standard LaTeX file (size option)
)
\c@part=\count90
\c@chapter=\count91
\c@section=\count92
\c@subsection=\count93
\c@subsubsection=\count94
\c@paragraph=\count95
\c@subparagraph=\count96
\c@figure=\count97
\c@table=\count98
\abovecaptionskip=\skip45
\belowcaptionskip=\skip46
\bibindent=\dimen112
) (/usr/share/texmf/tex/latex/misc/setspace.sty
Package: setspace 2000/12/01 6.7 Contributed and Supported LaTeX2e package
Package: `setspace' 6.7 <2000/12/01>
)
\ABNTanapindent=\skip47
\ABNTsignwidth=\skip48
\ABNTsignthickness=\skip49
\ABNTsignskip=\skip50
(/usr/share/texmf/tex/latex/tools/indentfirst.sty
Package: indentfirst 1995/11/23 v1.03 Indent first paragraph (DPC)
)) (/usr/share/texmf/tex/generic/babel/babel.sty
Package: babel 2001/03/01 v3.7h The Babel package
(/usr/share/texmf/tex/generic/babel/portuges.ldf
Language: portuges 2001/02/16 v1.2o Portuguese support from the babel system
(/usr/share/texmf/tex/generic/babel/babel.def
File: babel.def 2001/03/01 v3.7h Babel common definitions
\babel@savecnt=\count99
\U@D=\dimen113
)

Package babel Warning: No hyphenation patterns were loaded for
(babel)                the language `Portuguese'
(babel)                I will use the patterns loaded for \language=0 instead.

\l@portuges = a dialect from \language0
\l@brazil = a dialect from \language\l@portuges 
Package babel Info: Making " an active character on input line 126.
)) (/usr/share/texmf/tex/latex/base/inputenc.sty
Package: inputenc 2001/07/10 v0.99a Input encoding file 
(/usr/share/texmf/tex/latex/base/latin1.def
File: latin1.def 2001/07/10 v0.99a Input encoding file 
)) (/home/gerald/cvs/abntex/texmf/tex/latex/abntex/tabela-simbolos.sty (/home/g
erald/cvs/abntex/texmf/tex/latex/abntex/cvs-id.def)
Package: tabela-simbolos 2003/10/13 v1.9 Tabela de simbolos e siglas
(/usr/share/texmf/tex/latex/misc/index.sty
Style-Option: `index' v3.02 <15 September 1993> (dmj)
\@indexbox=\insert233
\indexproofstyle=\toks14
) (/home/gerald/cvs/abntex/texmf/tex/latex/abntex/abntex-abrev.sty (/home/geral
d/cvs/abntex/texmf/tex/latex/abntex/cvs-id.def)
Package: abntex-abrev 2003/10/13 v1.3 Abreviacoes
(/home/gerald/cvs/abntex/texmf/tex/latex/abntex/nbr10522-1988.def (/home/gerald
/cvs/abntex/texmf/tex/latex/abntex/cvs-id.def)
File: nbr10522-1988.def 2003/10/13 v1.2 Abreviacoes bibliograficas (NBR10522:19
88)
) (/home/gerald/cvs/abntex/texmf/tex/latex/abntex/abntex-abrev-pt_BR.def (/home
/gerald/cvs/abntex/texmf/tex/latex/abntex/cvs-id.def)
File: abntex-abrev-pt_BR.def 2003/10/13 v1.2 definicao de abntex-abrev, traduca
o de termos en_US/pt_BR
))
\tf@sigla=\write3
\idxtitle@sigla=\toks15
\openout3 = `images.siglax'.

index.sty> Writing index file images.siglax 
\tf@symbols=\write4
\idxtitle@symbols=\toks16
\openout4 = `images.symbolsx'.

index.sty> Writing index file images.symbolsx 
\c@Ocorrencia=\count100
Ordem: 1: Romanos 2: Gregos 3: Simbolos
))
Runaway argument?
{\usepackage {comment}\providecommand {\[1]{}\providecommand {\latex \ETC.
! File ended while scanning use of \IfFileExists.
<inserted text> 
                \par 
<*> ./images.tex
                
I suspect you have forgotten a `}', causing me
to read past where you wanted me to stop.
I'll try to recover; but if the error is serious,
you'd better type `E' or `X' now and fix your file.

! Emergency stop.
<*> ./images.tex
                
*** (job aborted, no legal \end found)

 
Here is how much of TeX's memory you used:
 1331 strings out of 95847
 17822 string characters out of 1195963
 70250 words of memory out of 1000001
 4285 multiletter control sequences out of 10000+50000
 3938 words of font info for 15 fonts, out of 500000 for 1000
 14 hyphenation exceptions out of 1000
 28i,0n,27p,190b,40s stack positions out of 1500i,500n,5000p,200000b,5000s
No pages of output.
